<?xml version="1.0" encoding="UTF-8"?>
<coverage generated="1748136357714" clover="3.2.0">
  <project timestamp="1748136357714" name="All files">
    <metrics statements="10" coveredstatements="10" conditionals="2" coveredconditionals="2" methods="2" coveredmethods="2" elements="14" coveredelements="14" complexity="0" loc="10" ncloc="10" packages="1" files="1" classes="1"/>
    <file name="makeAdder.js" path="D:\Project\JS\js_task-inifinite-sum-closures\src\makeAdder.js">
      <metrics statements="10" coveredstatements="10" conditionals="2" coveredconditionals="2" methods="2" coveredmethods="2"/>
      <line num="7" count="7" type="stmt"/>
      <line num="9" count="7" type="stmt"/>
      <line num="10" count="28" type="cond" truecount="2" falsecount="0"/>
      <line num="11" count="7" type="stmt"/>
      <line num="13" count="7" type="stmt"/>
      <line num="15" count="7" type="stmt"/>
      <line num="17" count="21" type="stmt"/>
      <line num="19" count="21" type="stmt"/>
      <line num="22" count="7" type="stmt"/>
      <line num="25" count="1" type="stmt"/>
    </file>
  </project>
</coverage>
