{"D:\\Project\\JS\\js_task-inifinite-sum-closures\\src\\makeAdder.js": {"path":"D:\\Project\\JS\\js_task-inifinite-sum-closures\\src\\makeAdder.js","statementMap":{"0":{"start":{"line":7,"column":12},"end":{"line":7,"column":13}},"1":{"start":{"line":9,"column":16},"end":{"line":20,"column":3}},"2":{"start":{"line":10,"column":4},"end":{"line":16,"column":5}},"3":{"start":{"line":11,"column":21},"end":{"line":11,"column":24}},"4":{"start":{"line":13,"column":6},"end":{"line":13,"column":14}},"5":{"start":{"line":15,"column":6},"end":{"line":15,"column":20}},"6":{"start":{"line":17,"column":4},"end":{"line":17,"column":15}},"7":{"start":{"line":19,"column":4},"end":{"line":19,"column":17}},"8":{"start":{"line":22,"column":2},"end":{"line":22,"column":15}},"9":{"start":{"line":25,"column":0},"end":{"line":25,"column":35}}},"fnMap":{"0":{"name":"makeAdder","decl":{"start":{"line":6,"column":9},"end":{"line":6,"column":26}},"loc":{"start":{"line":6,"column":29},"end":{"line":23,"column":1}},"line":6},"1":{"name":"(anonymous_1)","decl":{"start":{"line":9,"column":16},"end":{"line":9,"column":17}},"loc":{"start":{"line":9,"column":25},"end":{"line":20,"column":3}},"line":9}},"branchMap":{"0":{"loc":{"start":{"line":10,"column":4},"end":{"line":16,"column":5}},"type":"if","locations":[{"start":{"line":10,"column":4},"end":{"line":16,"column":5}},{"start":{},"end":{}}],"line":10}},"s":{"0":7,"1":7,"2":28,"3":7,"4":7,"5":7,"6":21,"7":21,"8":7,"9":1},"f":{"0":7,"1":28},"b":{"0":[7,21]},"_coverageSchema":"1a1c01bbd47fc00a2c39e90264f33305004495a9","hash":"9f668896f84c4c026af957e35b01c9db0923f99f"}
}
